Found 86 processed Parquet files to aggregate.
Loading file 1/86: data/processed/volvo_v40_full/2019-02-09 22-43-10_processed.parquet...
Loading file 2/86: data/processed/volvo_v40_full/2019-02-09 23-08-35_processed.parquet...
Loading file 3/86: data/processed/volvo_v40_full/2019-02-12 18-39-42_processed.parquet...
Loading file 4/86: data/processed/volvo_v40_full/2019-02-12 22-14-40_processed.parquet...
Loading file 5/86: data/processed/volvo_v40_full/2019-02-15 08-46-36_processed.parquet...
Loading file 6/86: data/processed/volvo_v40_full/2019-02-17 17-46-58_eco_ah_ah_testdrive-uitrol_processed.parquet...
Loading file 7/86: data/processed/volvo_v40_full/2019-02-19 19-10-45_processed.parquet...
Loading file 8/86: data/processed/volvo_v40_full/2019-02-19 22-12-40_processed.parquet...
Loading file 9/86: data/processed/volvo_v40_full/2019-02-20 19-31-13_processed.parquet...
Loading file 10/86: data/processed/volvo_v40_full/2019-02-22 08-03-05_processed.parquet...
Loading file 11/86: data/processed/volvo_v40_full/2019-02-22 18-09-15_processed.parquet...
Loading file 12/86: data/processed/volvo_v40_full/2019-02-23 10-27-26_processed.parquet...
Loading file 13/86: data/processed/volvo_v40_full/2019-02-24 09-40-58_processed.parquet...
Loading file 14/86: data/processed/volvo_v40_full/2019-02-25 07-19-27_processed.parquet...
Loading file 15/86: data/processed/volvo_v40_full/2019-02-27 07-54-36_processed.parquet...
Loading file 16/86: data/processed/volvo_v40_full/2019-02-27 18-21-22_processed.parquet...
Loading file 17/86: data/processed/volvo_v40_full/2019-03-01 08-34-54_processed.parquet...
Loading file 18/86: data/processed/volvo_v40_full/2019-03-05 19-30-27_processed.parquet...
Loading file 19/86: data/processed/volvo_v40_full/2019-03-05 22-17-15_processed.parquet...
Loading file 20/86: data/processed/volvo_v40_full/2019-03-06 07-14-35_processed.parquet...
Loading file 21/86: data/processed/volvo_v40_full/2019-03-06 16-46-53_processed.parquet...
Loading file 22/86: data/processed/volvo_v40_full/2019-03-06 19-32-34_processed.parquet...
Loading file 23/86: data/processed/volvo_v40_full/2019-03-06 22-13-55_processed.parquet...
Loading file 24/86: data/processed/volvo_v40_full/2019-03-07 07-26-20_processed.parquet...
Loading file 25/86: data/processed/volvo_v40_full/2019-03-07 18-49-41_eco-kc-ah_processed.parquet...
Loading file 26/86: data/processed/volvo_v40_full/2019-03-09 09-22-17_processed.parquet...
Loading file 27/86: data/processed/volvo_v40_full/2019-03-09 16-09-53_processed.parquet...
Loading file 28/86: data/processed/volvo_v40_full/2019-03-09 17-43-58_processed.parquet...
Loading file 29/86: data/processed/volvo_v40_full/2019-03-10 12-31-48_test-ah-gv-amf-harde_wind_regen_test_cruise_consumption_processed.parquet...
Loading file 30/86: data/processed/volvo_v40_full/2019-03-10 18-19-12_normal-amf-ah-harde-wind_processed.parquet...
Loading file 31/86: data/processed/volvo_v40_full/2019-03-11 08-22-21_processed.parquet...
Loading file 32/86: data/processed/volvo_v40_full/2019-03-11 08-22-21_rush-ah-vndk_processed.parquet...
Loading file 33/86: data/processed/volvo_v40_full/2019-03-13 15-43-49_eco-vnd-dtc_processed.parquet...
Loading file 34/86: data/processed/volvo_v40_full/2019-03-19 07-12-52-eco-ah-vnd_processed.parquet...
Loading file 35/86: data/processed/volvo_v40_full/2019-03-19 17-01-52_processed.parquet...
Loading file 36/86: data/processed/volvo_v40_full/2019-03-19 17-01-52-normal-vnd-ah_processed.parquet...
Loading file 37/86: data/processed/volvo_v40_full/2019-03-19 19-26-28-eco-ah-gnd_processed.parquet...
Loading file 38/86: data/processed/volvo_v40_full/2019-03-19 21-08-36-hyper-gnd-ah_processed.parquet...
Loading file 39/86: data/processed/volvo_v40_full/2019-03-20 16-43-25_processed.parquet...
Loading file 40/86: data/processed/volvo_v40_full/2019-03-20 20-21-04_processed.parquet...
Loading file 41/86: data/processed/volvo_v40_full/2019-03-22 07-20-09_processed.parquet...
Loading file 42/86: data/processed/volvo_v40_full/2019-03-22 17-26-22_processed.parquet...
Loading file 43/86: data/processed/volvo_v40_full/2019-03-22 22-46-22_processed.parquet...
Loading file 44/86: data/processed/volvo_v40_full/2019-03-23 17-27-41_processed.parquet...
Loading file 45/86: data/processed/volvo_v40_full/2019-03-23 17-27-41 (2)_processed.parquet...
Loading file 46/86: data/processed/volvo_v40_full/2019-03-23 23-26-48-hyper-apd-ah-behind-truck_processed.parquet...
Loading file 47/86: data/processed/volvo_v40_full/2019-03-24 09-15-06_processed.parquet...
Loading file 48/86: data/processed/volvo_v40_full/2019-03-24 14-27-11_processed.parquet...
Loading file 49/86: data/processed/volvo_v40_full/2019-03-24 15-33-35_processed.parquet...
Loading file 50/86: data/processed/volvo_v40_full/2019-03-26 19-22-21_processed.parquet...
Loading file 51/86: data/processed/volvo_v40_full/2019-03-26 23-12-46_processed.parquet...
Loading file 52/86: data/processed/volvo_v40_full/2019-03-29 07-27-01_processed.parquet...
Loading file 53/86: data/processed/volvo_v40_full/2019-03-29 16-07-31-test-ut-germanparking1-speed_average_processed.parquet...
Loading file 54/86: data/processed/volvo_v40_full/2019-03-29 18-49-30_processed.parquet...
Loading file 55/86: data/processed/volvo_v40_full/2019-03-31 20-23-00-normal-germany-ah-speed_roll_processed.parquet...
Loading file 56/86: data/processed/volvo_v40_full/2019-04-01 07-35-25_processed.parquet...
Loading file 57/86: data/processed/volvo_v40_full/2019-04-05 08-16-20_processed.parquet...
Loading file 58/86: data/processed/volvo_v40_full/2019-04-05 17-21-05_processed.parquet...
Loading file 59/86: data/processed/volvo_v40_full/2019-04-06 14-19-45_processed.parquet...
Loading file 60/86: data/processed/volvo_v40_full/2019-04-07 09-03-09_processed.parquet...
Loading file 61/86: data/processed/volvo_v40_full/2019-04-07 17-13-09_processed.parquet...
Loading file 62/86: data/processed/volvo_v40_full/2019-04-07 17-56-37_processed.parquet...
Loading file 63/86: data/processed/volvo_v40_full/2019-04-07 20-37-48_processed.parquet...
Loading file 64/86: data/processed/volvo_v40_full/2019-04-09 19-16-30_processed.parquet...
Loading file 65/86: data/processed/volvo_v40_full/2019-04-09 22-19-28_processed.parquet...
Loading file 66/86: data/processed/volvo_v40_full/2019-04-10 17-16-31_processed.parquet...
Loading file 67/86: data/processed/volvo_v40_full/2019-04-11 07-49-59_processed.parquet...
Loading file 68/86: data/processed/volvo_v40_full/2019-04-11 17-45-25_processed.parquet...
Loading file 69/86: data/processed/volvo_v40_full/2019-04-11 20-55-46_processed.parquet...
Loading file 70/86: data/processed/volvo_v40_full/2019-04-14 20-32-29_processed.parquet...
Loading file 71/86: data/processed/volvo_v40_full/2019-04-16 19-13-43_processed.parquet...
Loading file 72/86: data/processed/volvo_v40_full/2019-04-16 23-46-36_processed.parquet...
Loading file 73/86: data/processed/volvo_v40_full/2019-04-19 08-59-31_processed.parquet...
Loading file 74/86: data/processed/volvo_v40_full/2019-04-19 19-45-32_processed.parquet...
Loading file 75/86: data/processed/volvo_v40_full/2019-04-19 22-43-58_processed.parquet...
Loading file 76/86: data/processed/volvo_v40_full/2019-04-21 20-44-56_processed.parquet...
Loading file 77/86: data/processed/volvo_v40_full/2019-04-23 19-18-04_processed.parquet...
Loading file 78/86: data/processed/volvo_v40_full/2019-04-23 22-15-12_rush-gnd-ah_processed.parquet...
Loading file 79/86: data/processed/volvo_v40_full/2019-04-24 07-18-08_processed.parquet...
Loading file 80/86: data/processed/volvo_v40_full/2019-04-24 21-15-10_processed.parquet...
Loading file 81/86: data/processed/volvo_v40_full/2019-04-28 16-02-30_processed.parquet...
Loading file 82/86: data/processed/volvo_v40_full/2019-04-28 21-23-05_processed.parquet...
Loading file 83/86: data/processed/volvo_v40_full/2019-04-29 09-33-56_ahdealer-vndklmp-normal-zomerbanden_processed.parquet...
Loading file 84/86: data/processed/volvo_v40_full/2019-04-29 17-17-40_processed.parquet...
Loading file 85/86: data/processed/volvo_v40_full/2019-04-29 17-58-03_processed.parquet...
Loading file 86/86: data/processed/volvo_v40_full/2019-04-30 19-15-27_processed.parquet.../home/alinmiron/ZedProjects/carsense-ml-service/scripts/aggregate_processed_data.py:39: FutureWarning: The behavior of DataFrame concatenation with empty or all-NA entries is deprecated. In a future version, this will no longer exclude empty or all-NA columns when determining the result dtypes. To retain the old behavior, exclude the relevant entries before the concat operation.
  aggregated_df = pd.concat(all_dataframes, ignore_index=True)


Concatenating all loaded dataframes...
Aggregation complete. Final DataFrame shape: (242385, 33)
Columns in aggregated DataFrame: ['TIME_SEC', 'ENGINE_RPM', 'COOLANT_TEMPERATURE', 'INTAKE_MANIFOLD_ABSOLUTE_PRESSURE', 'INTAKE_AIR_TEMPERATURE', 'MASS_AIR_FLOW', 'THROTTLE_POSITION', 'FUEL_RAIL_PRESSURE', 'TIMING_ADVANCE', 'CONTROL_MODULE_VOLTAGE', 'ENGINE_FUEL_RATE', 'VEHICLE_SPEED', 'FUEL_LEVEL_INPUT', 'AMBIENT_AIR_TEMPERATURE', 'BAROMETRIC_PRESSURE', 'CALCULATED_ENGINE_LOAD_VALUE', 'ABSOLUTE_LOAD_VALUE', 'EGR_ERROR', 'absolute_timestamp', 'hour', 'dayofweek', 'is_weekend', 'make', 'model', 'year', 'fuel_type', 'transmission', 'power_kw', 'weight_kg', 'drive_mode', 'from_location', 'to_location', 'file_description']
Ensured output directory exists: data/features

Saving aggregated DataFrame to: data/features/volvo_v40_full_aggregated.parquet...
Successfully saved aggregated Parquet file.
